<?xml version="1.0" encoding="UTF-8"?>
<testng-results skipped="0" failed="0" total="4" passed="4">
  <reporter-output>
  </reporter-output>
  <suite name="Default suite" duration-ms="13702" started-at="2014-09-16T05:50:39Z" finished-at="2014-09-16T05:50:53Z">
    <groups>
    </groups>
    <test name="Default test" duration-ms="13702" started-at="2014-09-16T05:50:39Z" finished-at="2014-09-16T05:50:53Z">
      <class name="com.example.tests.GroupCreationTests">
        <test-method status="PASS" signature="testAddEmptyGroupCreation()[pri:0, instance:com.example.tests.GroupCreationTests@6ce9ef0a]" name="testAddEmptyGroupCreation" duration-ms="1584" started-at="2014-09-16T08:50:47Z" finished-at="2014-09-16T08:50:49Z">
          <reporter-output>
          </reporter-output>
        </test-method> <!-- testAddEmptyGroupCreation -->
        <test-method status="PASS" signature="testAddNonEmptyGroup()[pri:0, instance:com.example.tests.GroupCreationTests@6ce9ef0a]" name="testAddNonEmptyGroup" duration-ms="1015" started-at="2014-09-16T08:50:49Z" finished-at="2014-09-16T08:50:50Z">
          <reporter-output>
          </reporter-output>
        </test-method> <!-- testAddNonEmptyGroup -->
      </class> <!-- com.example.tests.GroupCreationTests -->
      <class name="com.example.tests.ContactCreationTests">
        <test-method status="PASS" signature="setUp()[pri:0, instance:com.example.tests.ContactCreationTests@553bf378]" name="setUp" is-config="true" duration-ms="7698" started-at="2014-09-16T08:50:39Z" finished-at="2014-09-16T08:50:47Z">
          <reporter-output>
          </reporter-output>
        </test-method> <!-- setUp -->
        <test-method status="PASS" signature="testAddEmptyContact()[pri:0, instance:com.example.tests.ContactCreationTests@553bf378]" name="testAddEmptyContact" duration-ms="1392" started-at="2014-09-16T08:50:50Z" finished-at="2014-09-16T08:50:51Z">
          <reporter-output>
          </reporter-output>
        </test-method> <!-- testAddEmptyContact -->
        <test-method status="PASS" signature="testAddNonEmptyContact()[pri:0, instance:com.example.tests.ContactCreationTests@553bf378]" name="testAddNonEmptyContact" duration-ms="1640" started-at="2014-09-16T08:50:51Z" finished-at="2014-09-16T08:50:53Z">
          <reporter-output>
          </reporter-output>
        </test-method> <!-- testAddNonEmptyContact -->
        <test-method status="PASS" signature="tearDown()[pri:0, instance:com.example.tests.ContactCreationTests@553bf378]" name="tearDown" is-config="true" duration-ms="354" started-at="2014-09-16T08:50:53Z" finished-at="2014-09-16T08:50:53Z">
          <reporter-output>
          </reporter-output>
        </test-method> <!-- tearDown -->
      </class> <!-- com.example.tests.ContactCreationTests -->
    </test> <!-- Default test -->
  </suite> <!-- Default suite -->
</testng-results>
