<?xml version="1.0" encoding="UTF-8"?>
<testng-results skipped="0" failed="0" total="2" passed="2">
  <reporter-output>
  </reporter-output>
  <suite name="Default suite" duration-ms="11551" started-at="2014-09-16T05:36:44Z" finished-at="2014-09-16T05:36:55Z">
    <groups>
    </groups>
    <test name="Default test" duration-ms="11551" started-at="2014-09-16T05:36:44Z" finished-at="2014-09-16T05:36:55Z">
      <class name="com.example.tests.GroupCreationTests">
        <test-method status="PASS" signature="setUp()[pri:0, instance:com.example.tests.GroupCreationTests@7760b68a]" name="setUp" is-config="true" duration-ms="8502" started-at="2014-09-16T08:36:44Z" finished-at="2014-09-16T08:36:52Z">
          <reporter-output>
          </reporter-output>
        </test-method> <!-- setUp -->
        <test-method status="PASS" signature="testAddEmptyGroupCreation()[pri:0, instance:com.example.tests.GroupCreationTests@7760b68a]" name="testAddEmptyGroupCreation" duration-ms="1478" started-at="2014-09-16T08:36:52Z" finished-at="2014-09-16T08:36:54Z">
          <reporter-output>
          </reporter-output>
        </test-method> <!-- testAddEmptyGroupCreation -->
        <test-method status="PASS" signature="testAddNonEmptyGroup()[pri:0, instance:com.example.tests.GroupCreationTests@7760b68a]" name="testAddNonEmptyGroup" duration-ms="1310" started-at="2014-09-16T08:36:54Z" finished-at="2014-09-16T08:36:55Z">
          <reporter-output>
          </reporter-output>
        </test-method> <!-- testAddNonEmptyGroup -->
        <test-method status="PASS" signature="tearDown()[pri:0, instance:com.example.tests.GroupCreationTests@7760b68a]" name="tearDown" is-config="true" duration-ms="249" started-at="2014-09-16T08:36:55Z" finished-at="2014-09-16T08:36:55Z">
          <reporter-output>
          </reporter-output>
        </test-method> <!-- tearDown -->
      </class> <!-- com.example.tests.GroupCreationTests -->
    </test> <!-- Default test -->
  </suite> <!-- Default suite -->
</testng-results>
