<?xml version="1.0" encoding="UTF-8"?>
<!-- Generated by org.testng.reporters.JUnitXMLReporter -->
<testsuite hostname="blaukhin-nb" name="Default test" tests="4" failures="0" timestamp="15 Sep 2014 17:07:30 GMT" time="14.308" errors="0">
  <testcase name="testAddEmptyGroupCreation" time="1.6" classname="com.example.tests.GroupCreationTests"/>
  <testcase name="testAddNonEmptyGroup" time="1.351" classname="com.example.tests.GroupCreationTests"/>
  <testcase name="testAddEmptyGroupCreation" time="1.116" classname="com.example.tests.AlsoGroupCreationTests"/>
  <testcase name="testAddNonEmptyGroup" time="1.075" classname="com.example.tests.AlsoGroupCreationTests"/>
</testsuite> <!-- Default test -->
