<?xml version="1.0" encoding="UTF-8"?>
<!-- Generated by org.testng.reporters.JUnitXMLReporter -->
<testsuite hostname="blaukhin-nb" name="Default test" tests="9" failures="0" timestamp="24 Sep 2014 05:17:19 GMT" time="23.147" errors="0">
  <testcase name="testAddEmptyGroupCreation" time="1.536" classname="com.example.tests.GroupCreationTests"/>
  <testcase name="testAddNonEmptyGroup" time="1.417" classname="com.example.tests.GroupCreationTests"/>
  <testcase name="testAddEmptyContact" time="1.842" classname="com.example.tests.ContactCreationTests"/>
  <testcase name="testAddNonEmptyContact" time="3.228" classname="com.example.tests.ContactCreationTests"/>
  <testcase name="updateCertainContact" time="2.073" classname="com.example.tests.ContactUpdateTests"/>
  <testcase name="deleteCertainContact" time="0.751" classname="com.example.tests.ContactRemoveTests"/>
  <testcase name="deleteCertainGroup" time="0.718" classname="com.example.tests.GroupRemoveTests"/>
  <testcase name="updateCertainGroup" time="1.407" classname="com.example.tests.GroupUpdateTests"/>
  <testcase name="updateCertainGroup2" time="1.288" classname="com.example.tests.GroupUpdateTests"/>
</testsuite> <!-- Default test -->
